2025-08-12 09:39:05.951 [COMUM] -> Deletado:  C:\Users\samue\Documents\2000012533333306_250804200931 - Copia - Copia - Copia - Copia (2) - Copia - Copia - Copia.pdf
2025-08-12 09:39:12.883 [COMUM] -> Criado:    C:\Users\samue\Documents\Novo(a) Documento de Texto.txt
2025-08-12 09:39:17.249 [COMUM] -> Renomeado: C:\Users\samue\Documents\Novo(a) Documento de Texto.txt -> C:\Users\samue\Documents\hgfj.txt
2025-08-12 09:39:38.958 [COMUM] -> Criado:    C:\Users\samue\Documents\hgfj - Copia.txt
2025-08-12 09:39:38.967 [COMUM] -> Alterado:  C:\Users\samue\Documents\hgfj - Copia.txt
2025-08-12 09:39:53.756 [COMUM] -> Criado:    C:\Users\samue\Documents\2000012533333306_250804200931 - Copia - Copia - Copia - Copia (2) - Copia - Copia - Copia - Copia - Copia.pdf
2025-08-12 09:39:53.759 [COMUM] -> Alterado:  C:\Users\samue\Documents\2000012533333306_250804200931 - Copia - Copia - Copia - Copia (2) - Copia - Copia - Copia - Copia - Copia.pdf
2025-08-12 09:39:53.763 [COMUM] -> Alterado:  C:\Users\samue\Documents\2000012533333306_250804200931 - Copia - Copia - Copia - Copia (2) - Copia - Copia - Copia - Copia - Copia.pdf
2025-08-12 10:00:45.586 [COMUM] -> Criado:    C:\Users\samue\Documents\testestes - Copia
2025-08-12 10:00:45.589 [COMUM] -> Alterado:  C:\Users\samue\Documents\testestes - Copia
2025-08-12 10:00:45.594 [COMUM] -> Criado:    C:\Users\samue\Documents\testestes - Copia\Novo(a) Documento de Texto - Copia.txt
2025-08-12 10:00:45.651 [COMUM] -> Alterado:  C:\Users\samue\Documents\testestes - Copia\Novo(a) Documento de Texto - Copia.txt
2025-08-12 10:00:45.655 [COMUM] -> Alterado:  C:\Users\samue\Documents\testestes - Copia\Novo(a) Documento de Texto - Copia.txt
2025-08-12 10:00:45.878 [COMUM] -> Alterado:  C:\Users\samue\Documents\testestes - Copia
2025-08-12 10:00:46.004 [COMUM] -> Criado:    C:\Users\samue\Documents\testestes - Copia\Novo(a) Documento de Texto.txt
2025-08-12 10:00:46.012 [COMUM] -> Alterado:  C:\Users\samue\Documents\testestes - Copia\Novo(a) Documento de Texto.txt
2025-08-12 10:00:46.438 [COMUM] -> Alterado:  C:\Users\samue\Documents\testestes - Copia\Novo(a) Documento de Texto.txt
2025-08-12 10:00:46.672 [COMUM] -> Alterado:  C:\Users\samue\Documents\testestes - Copia
2025-08-12 10:00:46.712 [COMUM] -> Criado:    C:\Users\samue\Documents\testestes - Copia\Nova pasta
2025-08-12 10:00:46.724 [COMUM] -> Alterado:  C:\Users\samue\Documents\testestes - Copia\Nova pasta
2025-08-12 10:00:46.737 [COMUM] -> Criado:    C:\Users\samue\Documents\testestes - Copia\Nova pasta\jgv.txt
2025-08-12 10:00:46.791 [COMUM] -> Alterado:  C:\Users\samue\Documents\testestes - Copia\Nova pasta\jgv.txt
2025-08-12 10:00:46.807 [COMUM] -> Alterado:  C:\Users\samue\Documents\testestes - Copia
2025-08-12 10:00:47.077 [COMUM] -> Alterado:  C:\Users\samue\Documents\testestes - Copia\Nova pasta
2025-08-12 20:20:53.341 [COMUM] -> Criado:    C:\Users\samue\Documents\pastaAlvo\hgfj.txt - Copia - Copia.locked
2025-08-12 20:20:53.355 [COMUM] -> Alterado:  C:\Users\samue\Documents\pastaAlvo\hgfj.txt - Copia - Copia.locked
2025-08-12 20:20:53.357 [COMUM] -> Alterado:  C:\Users\samue\Documents\pastaAlvo\hgfj.txt - Copia - Copia.locked
2025-08-12 20:20:53.358 [COMUM] -> Alterado:  C:\Users\samue\Documents\pastaAlvo
2025-08-12 20:21:45.329 [COMUM] -> Deletado:  C:\Users\samue\Documents\pastaAlvo\hgfj.txt - Copia - Copia.locked
2025-08-12 20:21:45.330 [COMUM] -> Alterado:  C:\Users\samue\Documents\pastaAlvo
2025-08-12 20:21:45.331 [COMUM] -> Deletado:  C:\Users\samue\Documents\pastaAlvo\hgfj.txt - Copia (2).locked
2025-08-12 20:21:45.344 [COMUM] -> Alterado:  C:\Users\samue\Documents\pastaAlvo
2025-08-12 20:21:45.351 [COMUM] -> Deletado:  C:\Users\samue\Documents\pastaAlvo\hgfj.txt - Copia (3).locked
2025-08-12 20:21:45.366 [COMUM] -> Alterado:  C:\Users\samue\Documents\pastaAlvo
2025-08-12 20:21:45.380 [COMUM] -> Deletado:  C:\Users\samue\Documents\pastaAlvo\hgfj.txt - Copia (4).locked
2025-08-12 20:21:45.382 [COMUM] -> Alterado:  C:\Users\samue\Documents\pastaAlvo
2025-08-12 20:21:45.394 [COMUM] -> Deletado:  C:\Users\samue\Documents\pastaAlvo\hgfj.txt - Copia (5).locked
2025-08-12 20:21:45.398 [COMUM] -> Alterado:  C:\Users\samue\Documents\pastaAlvo
2025-08-12 20:21:45.405 [COMUM] -> Deletado:  C:\Users\samue\Documents\pastaAlvo\hgfj.txt - Copia (6).locked
2025-08-12 20:21:45.406 [COMUM] -> Alterado:  C:\Users\samue\Documents\pastaAlvo
2025-08-12 20:21:45.408 [COMUM] -> Deletado:  C:\Users\samue\Documents\pastaAlvo\hgfj.txt - Copia (7).locked
2025-08-12 20:21:45.408 [COMUM] -> Alterado:  C:\Users\samue\Documents\pastaAlvo
2025-08-12 20:21:45.409 [COMUM] -> Deletado:  C:\Users\samue\Documents\pastaAlvo\hgfj.txt - Copia (8).locked
2025-08-12 20:21:45.410 [COMUM] -> Alterado:  C:\Users\samue\Documents\pastaAlvo
2025-08-12 20:21:45.410 [COMUM] -> Deletado:  C:\Users\samue\Documents\pastaAlvo\hgfj.txt - Copia.locked
2025-08-12 20:21:45.411 [COMUM] -> Alterado:  C:\Users\samue\Documents\pastaAlvo
2025-08-12 20:21:45.414 [COMUM] -> Deletado:  C:\Users\samue\Documents\pastaAlvo\hgfj.txt.locked
2025-08-12 20:21:45.473 [COMUM] -> Alterado:  C:\Users\samue\Documents\pastaAlvo
2025-08-12 20:21:49.899 [COMUM] -> Criado:    C:\Users\samue\Documents\pastaAlvo\Novo(a) Documento de Texto.txt
2025-08-12 20:21:49.923 [COMUM] -> Alterado:  C:\Users\samue\Documents\pastaAlvo
2025-08-12 20:21:51.121 [COMUM] -> Renomeado: C:\Users\samue\Documents\pastaAlvo\Novo(a) Documento de Texto.txt -> C:\Users\samue\Documents\pastaAlvo\iubhhikj.txt
2025-08-12 20:21:51.126 [COMUM] -> Alterado:  C:\Users\samue\Documents\pastaAlvo
2025-08-12 20:21:54.504 [COMUM] -> Alterado:  C:\Users\samue\Documents\pastaAlvo\iubhhikj.txt
2025-08-12 20:21:57.807 [COMUM] -> Criado:    C:\Users\samue\Documents\pastaAlvo\iubhhikj - Copia.txt
2025-08-12 20:21:57.814 [COMUM] -> Alterado:  C:\Users\samue\Documents\pastaAlvo\iubhhikj - Copia.txt
2025-08-12 20:21:57.822 [COMUM] -> Alterado:  C:\Users\samue\Documents\pastaAlvo\iubhhikj - Copia.txt
2025-08-12 20:21:57.835 [COMUM] -> Alterado:  C:\Users\samue\Documents\pastaAlvo
2025-08-12 20:21:58.168 [COMUM] -> Criado:    C:\Users\samue\Documents\pastaAlvo\iubhhikj - Copia (2).txt
2025-08-12 20:21:58.189 [COMUM] -> Alterado:  C:\Users\samue\Documents\pastaAlvo\iubhhikj - Copia (2).txt
2025-08-12 20:21:58.191 [COMUM] -> Alterado:  C:\Users\samue\Documents\pastaAlvo\iubhhikj - Copia (2).txt
2025-08-12 20:21:58.278 [COMUM] -> Alterado:  C:\Users\samue\Documents\pastaAlvo
2025-08-12 20:21:58.286 [COMUM] -> Criado:    C:\Users\samue\Documents\pastaAlvo\iubhhikj - Copia (3).txt
2025-08-12 20:21:58.299 [COMUM] -> Alterado:  C:\Users\samue\Documents\pastaAlvo\iubhhikj - Copia (3).txt
2025-08-12 20:21:58.304 [COMUM] -> Alterado:  C:\Users\samue\Documents\pastaAlvo\iubhhikj - Copia (3).txt
2025-08-12 20:21:58.308 [COMUM] -> Alterado:  C:\Users\samue\Documents\pastaAlvo
2025-08-12 20:21:58.313 [COMUM] -> Criado:    C:\Users\samue\Documents\pastaAlvo\iubhhikj - Copia (4).txt
2025-08-12 20:21:58.316 [COMUM] -> Alterado:  C:\Users\samue\Documents\pastaAlvo\iubhhikj - Copia (4).txt
2025-08-12 20:21:58.319 [COMUM] -> Alterado:  C:\Users\samue\Documents\pastaAlvo\iubhhikj - Copia (4).txt
2025-08-12 20:21:58.322 [COMUM] -> Alterado:  C:\Users\samue\Documents\pastaAlvo
2025-08-12 20:21:58.883 [COMUM] -> Criado:    C:\Users\samue\Documents\pastaAlvo\iubhhikj - Copia (5).txt
2025-08-12 20:21:58.907 [COMUM] -> Alterado:  C:\Users\samue\Documents\pastaAlvo\iubhhikj - Copia (5).txt
2025-08-12 20:21:58.912 [COMUM] -> Alterado:  C:\Users\samue\Documents\pastaAlvo\iubhhikj - Copia (5).txt
2025-08-12 20:21:58.914 [COMUM] -> Alterado:  C:\Users\samue\Documents\pastaAlvo
2025-08-12 20:21:59.028 [COMUM] -> Criado:    C:\Users\samue\Documents\pastaAlvo\iubhhikj - Copia (6).txt
2025-08-12 20:21:59.047 [COMUM] -> Alterado:  C:\Users\samue\Documents\pastaAlvo\iubhhikj - Copia (6).txt
2025-08-12 20:21:59.052 [COMUM] -> Alterado:  C:\Users\samue\Documents\pastaAlvo\iubhhikj - Copia (6).txt
2025-08-12 20:21:59.054 [COMUM] -> Alterado:  C:\Users\samue\Documents\pastaAlvo
2025-08-12 20:21:59.059 [COMUM] -> Criado:    C:\Users\samue\Documents\pastaAlvo\iubhhikj - Copia (7).txt
2025-08-12 20:21:59.061 [COMUM] -> Alterado:  C:\Users\samue\Documents\pastaAlvo\iubhhikj - Copia (7).txt
2025-08-12 20:21:59.063 [COMUM] -> Alterado:  C:\Users\samue\Documents\pastaAlvo\iubhhikj - Copia (7).txt
2025-08-12 20:21:59.064 [COMUM] -> Alterado:  C:\Users\samue\Documents\pastaAlvo
2025-08-12 20:21:59.070 [COMUM] -> Criado:    C:\Users\samue\Documents\pastaAlvo\iubhhikj - Copia (8).txt
2025-08-12 20:21:59.084 [COMUM] -> Alterado:  C:\Users\samue\Documents\pastaAlvo\iubhhikj - Copia (8).txt
2025-08-12 20:21:59.086 [COMUM] -> Alterado:  C:\Users\samue\Documents\pastaAlvo\iubhhikj - Copia (8).txt
2025-08-12 20:21:59.087 [COMUM] -> Alterado:  C:\Users\samue\Documents\pastaAlvo
2025-08-12 20:21:59.792 [COMUM] -> Criado:    C:\Users\samue\Documents\pastaAlvo\iubhhikj - Copia (9).txt
2025-08-12 20:21:59.821 [COMUM] -> Alterado:  C:\Users\samue\Documents\pastaAlvo\iubhhikj - Copia (9).txt
2025-08-12 20:21:59.823 [COMUM] -> Alterado:  C:\Users\samue\Documents\pastaAlvo\iubhhikj - Copia (9).txt
2025-08-12 20:21:59.832 [COMUM] -> Alterado:  C:\Users\samue\Documents\pastaAlvo
2025-08-12 20:21:59.853 [COMUM] -> Criado:    C:\Users\samue\Documents\pastaAlvo\iubhhikj - Copia (10).txt
2025-08-12 20:21:59.855 [COMUM] -> Alterado:  C:\Users\samue\Documents\pastaAlvo\iubhhikj - Copia (10).txt
2025-08-12 20:21:59.858 [COMUM] -> Alterado:  C:\Users\samue\Documents\pastaAlvo\iubhhikj - Copia (10).txt
2025-08-12 20:21:59.863 [COMUM] -> Alterado:  C:\Users\samue\Documents\pastaAlvo
2025-08-12 20:22:00.309 [COMUM] -> Criado:    C:\Users\samue\Documents\pastaAlvo\iubhhikj - Copia (11).txt
2025-08-12 20:22:00.315 [COMUM] -> Alterado:  C:\Users\samue\Documents\pastaAlvo\iubhhikj - Copia (11).txt
2025-08-12 20:22:00.317 [COMUM] -> Alterado:  C:\Users\samue\Documents\pastaAlvo\iubhhikj - Copia (11).txt
2025-08-12 20:22:00.321 [COMUM] -> Alterado:  C:\Users\samue\Documents\pastaAlvo
2025-08-12 20:22:20.837 [COMUM] -> Renomeado: C:\Users\samue\Documents\pastaAlvo\iubhhikj - Copia (10).txt -> C:\Users\samue\Documents\pastaAlvo\iubhhikj - Copia (10).txt.locked
2025-08-12 20:22:20.838 [COMUM] -> Alterado:  C:\Users\samue\Documents\pastaAlvo
2025-08-12 20:22:20.841 [COMUM] -> Alterado:  C:\Users\samue\Documents\pastaAlvo\iubhhikj - Copia (10).txt.locked
2025-08-12 20:22:20.847 [COMUM] -> Alterado:  C:\Users\samue\Documents\pastaAlvo\iubhhikj - Copia (10).txt.locked
2025-08-12 20:22:20.868 [COMUM] -> Renomeado: C:\Users\samue\Documents\pastaAlvo\iubhhikj - Copia (11).txt -> C:\Users\samue\Documents\pastaAlvo\iubhhikj - Copia (11).txt.locked
2025-08-12 20:22:20.869 [COMUM] -> Alterado:  C:\Users\samue\Documents\pastaAlvo
2025-08-12 20:22:20.869 [COMUM] -> Alterado:  C:\Users\samue\Documents\pastaAlvo\iubhhikj - Copia (11).txt.locked
2025-08-12 20:22:20.873 [COMUM] -> Alterado:  C:\Users\samue\Documents\pastaAlvo\iubhhikj - Copia (11).txt.locked
2025-08-12 20:22:20.895 [COMUM] -> Renomeado: C:\Users\samue\Documents\pastaAlvo\iubhhikj - Copia (2).txt -> C:\Users\samue\Documents\pastaAlvo\iubhhikj - Copia (2).txt.locked
2025-08-12 20:22:20.915 [COMUM] -> Alterado:  C:\Users\samue\Documents\pastaAlvo
2025-08-12 20:22:20.992 [COMUM] -> Alterado:  C:\Users\samue\Documents\pastaAlvo\iubhhikj - Copia (2).txt.locked
2025-08-12 20:22:21.059 [COMUM] -> Alterado:  C:\Users\samue\Documents\pastaAlvo\iubhhikj - Copia (2).txt.locked
2025-08-12 20:22:21.102 [COMUM] -> Renomeado: C:\Users\samue\Documents\pastaAlvo\iubhhikj - Copia (3).txt -> C:\Users\samue\Documents\pastaAlvo\iubhhikj - Copia (3).txt.locked
2025-08-12 20:22:21.123 [COMUM] -> Alterado:  C:\Users\samue\Documents\pastaAlvo
2025-08-12 20:22:21.154 [COMUM] -> Alterado:  C:\Users\samue\Documents\pastaAlvo\iubhhikj - Copia (3).txt.locked
2025-08-12 20:22:21.200 [COMUM] -> Alterado:  C:\Users\samue\Documents\pastaAlvo\iubhhikj - Copia (3).txt.locked
2025-08-12 20:22:21.261 [COMUM] -> Renomeado: C:\Users\samue\Documents\pastaAlvo\iubhhikj - Copia (4).txt -> C:\Users\samue\Documents\pastaAlvo\iubhhikj - Copia (4).txt.locked
2025-08-12 20:22:21.264 [COMUM] -> Alterado:  C:\Users\samue\Documents\pastaAlvo
2025-08-12 20:22:21.274 [COMUM] -> Alterado:  C:\Users\samue\Documents\pastaAlvo\iubhhikj - Copia (4).txt.locked
2025-08-12 20:22:21.279 [COMUM] -> Alterado:  C:\Users\samue\Documents\pastaAlvo\iubhhikj - Copia (4).txt.locked
2025-08-12 20:22:21.292 [COMUM] -> Renomeado: C:\Users\samue\Documents\pastaAlvo\iubhhikj - Copia (5).txt -> C:\Users\samue\Documents\pastaAlvo\iubhhikj - Copia (5).txt.locked
2025-08-12 20:22:21.302 [COMUM] -> Alterado:  C:\Users\samue\Documents\pastaAlvo
2025-08-12 20:22:21.314 [COMUM] -> Alterado:  C:\Users\samue\Documents\pastaAlvo\iubhhikj - Copia (5).txt.locked
2025-08-12 20:22:21.318 [COMUM] -> Alterado:  C:\Users\samue\Documents\pastaAlvo\iubhhikj - Copia (5).txt.locked
2025-08-12 20:22:21.322 [COMUM] -> Renomeado: C:\Users\samue\Documents\pastaAlvo\iubhhikj - Copia (6).txt -> C:\Users\samue\Documents\pastaAlvo\iubhhikj - Copia (6).txt.locked
2025-08-12 20:22:21.324 [COMUM] -> Alterado:  C:\Users\samue\Documents\pastaAlvo
2025-08-12 20:22:21.338 [COMUM] -> Alterado:  C:\Users\samue\Documents\pastaAlvo\iubhhikj - Copia (6).txt.locked
2025-08-12 20:22:21.340 [COMUM] -> Alterado:  C:\Users\samue\Documents\pastaAlvo\iubhhikj - Copia (6).txt.locked
2025-08-12 20:22:21.351 [COMUM] -> Renomeado: C:\Users\samue\Documents\pastaAlvo\iubhhikj - Copia (7).txt -> C:\Users\samue\Documents\pastaAlvo\iubhhikj - Copia (7).txt.locked
2025-08-12 20:22:21.354 [COMUM] -> Alterado:  C:\Users\samue\Documents\pastaAlvo
2025-08-12 20:22:21.356 [COMUM] -> Alterado:  C:\Users\samue\Documents\pastaAlvo\iubhhikj - Copia (7).txt.locked
2025-08-12 20:22:21.357 [COMUM] -> Alterado:  C:\Users\samue\Documents\pastaAlvo\iubhhikj - Copia (7).txt.locked
2025-08-12 20:22:21.359 [COMUM] -> Renomeado: C:\Users\samue\Documents\pastaAlvo\iubhhikj - Copia (8).txt -> C:\Users\samue\Documents\pastaAlvo\iubhhikj - Copia (8).txt.locked
2025-08-12 20:22:21.368 [COMUM] -> Alterado:  C:\Users\samue\Documents\pastaAlvo
2025-08-12 20:22:21.372 [COMUM] -> Alterado:  C:\Users\samue\Documents\pastaAlvo\iubhhikj - Copia (8).txt.locked
2025-08-12 20:22:21.375 [COMUM] -> Alterado:  C:\Users\samue\Documents\pastaAlvo\iubhhikj - Copia (8).txt.locked
2025-08-12 20:22:21.387 [COMUM] -> Renomeado: C:\Users\samue\Documents\pastaAlvo\iubhhikj - Copia (9).txt -> C:\Users\samue\Documents\pastaAlvo\iubhhikj - Copia (9).txt.locked
2025-08-12 20:22:21.389 [COMUM] -> Alterado:  C:\Users\samue\Documents\pastaAlvo
2025-08-12 20:22:21.391 [COMUM] -> Alterado:  C:\Users\samue\Documents\pastaAlvo\iubhhikj - Copia (9).txt.locked
2025-08-12 20:22:21.405 [COMUM] -> Alterado:  C:\Users\samue\Documents\pastaAlvo\iubhhikj - Copia (9).txt.locked
2025-08-12 20:22:21.407 [COMUM] -> Renomeado: C:\Users\samue\Documents\pastaAlvo\iubhhikj - Copia.txt -> C:\Users\samue\Documents\pastaAlvo\iubhhikj - Copia.txt.locked
2025-08-12 20:22:21.411 [COMUM] -> Alterado:  C:\Users\samue\Documents\pastaAlvo
2025-08-12 20:22:21.416 [COMUM] -> Alterado:  C:\Users\samue\Documents\pastaAlvo\iubhhikj - Copia.txt.locked
2025-08-12 20:22:21.418 [COMUM] -> Alterado:  C:\Users\samue\Documents\pastaAlvo\iubhhikj - Copia.txt.locked
2025-08-12 20:22:21.420 [COMUM] -> Renomeado: C:\Users\samue\Documents\pastaAlvo\iubhhikj.txt -> C:\Users\samue\Documents\pastaAlvo\iubhhikj.txt.locked
2025-08-12 20:22:21.422 [COMUM] -> Alterado:  C:\Users\samue\Documents\pastaAlvo
2025-08-12 20:22:21.424 [COMUM] -> Alterado:  C:\Users\samue\Documents\pastaAlvo\iubhhikj.txt.locked
2025-08-12 20:22:21.425 [COMUM] -> Alterado:  C:\Users\samue\Documents\pastaAlvo\iubhhikj.txt.locked
2025-08-12 20:28:13.344 [COMUM] -> Criado:    C:\Users\samue\Documents\pastaAlvo\iubhhikj.txt - Copia.locked
2025-08-12 20:28:13.352 [COMUM] -> Alterado:  C:\Users\samue\Documents\pastaAlvo\iubhhikj.txt - Copia.locked
2025-08-12 20:28:13.358 [COMUM] -> Alterado:  C:\Users\samue\Documents\pastaAlvo\iubhhikj.txt - Copia.locked
2025-08-12 20:28:13.359 [COMUM] -> Alterado:  C:\Users\samue\Documents\pastaAlvo
2025-08-12 20:28:13.363 [COMUM] -> Criado:    C:\Users\samue\Documents\pastaAlvo\iubhhikj - Copia (2).txt - Copia.locked
2025-08-12 20:28:13.364 [COMUM] -> Alterado:  C:\Users\samue\Documents\pastaAlvo\iubhhikj - Copia (2).txt - Copia.locked
2025-08-12 20:28:13.367 [COMUM] -> Alterado:  C:\Users\samue\Documents\pastaAlvo\iubhhikj - Copia (2).txt - Copia.locked
2025-08-12 20:28:13.372 [COMUM] -> Alterado:  C:\Users\samue\Documents\pastaAlvo
2025-08-12 20:28:13.375 [COMUM] -> Criado:    C:\Users\samue\Documents\pastaAlvo\iubhhikj - Copia (3).txt - Copia.locked
2025-08-12 20:28:13.382 [COMUM] -> Alterado:  C:\Users\samue\Documents\pastaAlvo\iubhhikj - Copia (3).txt - Copia.locked
2025-08-12 20:28:13.384 [COMUM] -> Alterado:  C:\Users\samue\Documents\pastaAlvo\iubhhikj - Copia (3).txt - Copia.locked
2025-08-12 20:28:13.386 [COMUM] -> Alterado:  C:\Users\samue\Documents\pastaAlvo
2025-08-12 20:28:13.388 [COMUM] -> Criado:    C:\Users\samue\Documents\pastaAlvo\iubhhikj - Copia (4).txt - Copia.locked
2025-08-12 20:28:13.413 [COMUM] -> Alterado:  C:\Users\samue\Documents\pastaAlvo\iubhhikj - Copia (4).txt - Copia.locked
2025-08-12 20:28:13.436 [COMUM] -> Alterado:  C:\Users\samue\Documents\pastaAlvo\iubhhikj - Copia (4).txt - Copia.locked
2025-08-12 20:28:13.449 [COMUM] -> Alterado:  C:\Users\samue\Documents\pastaAlvo
2025-08-12 20:28:13.458 [COMUM] -> Criado:    C:\Users\samue\Documents\pastaAlvo\iubhhikj - Copia (5).txt - Copia.locked
2025-08-12 20:28:13.459 [COMUM] -> Alterado:  C:\Users\samue\Documents\pastaAlvo\iubhhikj - Copia (5).txt - Copia.locked
2025-08-12 20:28:13.459 [COMUM] -> Alterado:  C:\Users\samue\Documents\pastaAlvo\iubhhikj - Copia (5).txt - Copia.locked
2025-08-12 20:28:13.460 [COMUM] -> Alterado:  C:\Users\samue\Documents\pastaAlvo
2025-08-12 20:28:13.461 [COMUM] -> Criado:    C:\Users\samue\Documents\pastaAlvo\iubhhikj - Copia (6).txt - Copia.locked
2025-08-12 20:28:13.462 [COMUM] -> Alterado:  C:\Users\samue\Documents\pastaAlvo\iubhhikj - Copia (6).txt - Copia.locked
2025-08-12 20:28:13.464 [COMUM] -> Alterado:  C:\Users\samue\Documents\pastaAlvo\iubhhikj - Copia (6).txt - Copia.locked
2025-08-12 20:28:13.465 [COMUM] -> Alterado:  C:\Users\samue\Documents\pastaAlvo
2025-08-12 20:28:13.466 [COMUM] -> Criado:    C:\Users\samue\Documents\pastaAlvo\iubhhikj - Copia (7).txt - Copia.locked
2025-08-12 20:28:13.467 [COMUM] -> Alterado:  C:\Users\samue\Documents\pastaAlvo\iubhhikj - Copia (7).txt - Copia.locked
2025-08-12 20:28:13.467 [COMUM] -> Alterado:  C:\Users\samue\Documents\pastaAlvo\iubhhikj - Copia (7).txt - Copia.locked
2025-08-12 20:28:13.468 [COMUM] -> Alterado:  C:\Users\samue\Documents\pastaAlvo
2025-08-12 20:28:13.469 [COMUM] -> Criado:    C:\Users\samue\Documents\pastaAlvo\iubhhikj - Copia (8).txt - Copia.locked
2025-08-12 20:28:13.469 [COMUM] -> Alterado:  C:\Users\samue\Documents\pastaAlvo\iubhhikj - Copia (8).txt - Copia.locked
2025-08-12 20:28:13.470 [COMUM] -> Alterado:  C:\Users\samue\Documents\pastaAlvo\iubhhikj - Copia (8).txt - Copia.locked
2025-08-12 20:28:13.470 [COMUM] -> Alterado:  C:\Users\samue\Documents\pastaAlvo
2025-08-12 20:28:13.485 [COMUM] -> Criado:    C:\Users\samue\Documents\pastaAlvo\iubhhikj - Copia (9).txt - Copia.locked
2025-08-12 20:28:13.517 [COMUM] -> Alterado:  C:\Users\samue\Documents\pastaAlvo\iubhhikj - Copia (9).txt - Copia.locked
2025-08-12 20:28:13.532 [COMUM] -> Alterado:  C:\Users\samue\Documents\pastaAlvo\iubhhikj - Copia (9).txt - Copia.locked
2025-08-12 20:28:13.538 [COMUM] -> Alterado:  C:\Users\samue\Documents\pastaAlvo
2025-08-12 20:28:13.548 [COMUM] -> Criado:    C:\Users\samue\Documents\pastaAlvo\iubhhikj - Copia (10).txt - Copia.locked
2025-08-12 20:28:13.551 [COMUM] -> Alterado:  C:\Users\samue\Documents\pastaAlvo\iubhhikj - Copia (10).txt - Copia.locked
2025-08-12 20:28:13.555 [COMUM] -> Alterado:  C:\Users\samue\Documents\pastaAlvo\iubhhikj - Copia (10).txt - Copia.locked
2025-08-12 20:28:13.565 [COMUM] -> Alterado:  C:\Users\samue\Documents\pastaAlvo
2025-08-12 20:28:13.582 [COMUM] -> Criado:    C:\Users\samue\Documents\pastaAlvo\iubhhikj - Copia (11).txt - Copia.locked
2025-08-12 20:28:13.586 [COMUM] -> Alterado:  C:\Users\samue\Documents\pastaAlvo\iubhhikj - Copia (11).txt - Copia.locked
2025-08-12 20:28:13.604 [COMUM] -> Alterado:  C:\Users\samue\Documents\pastaAlvo\iubhhikj - Copia (11).txt - Copia.locked
2025-08-12 20:28:13.605 [COMUM] -> Alterado:  C:\Users\samue\Documents\pastaAlvo
2025-08-12 20:28:13.607 [COMUM] -> Criado:    C:\Users\samue\Documents\pastaAlvo\iubhhikj - Copia.txt - Copia.locked
2025-08-12 20:28:13.608 [COMUM] -> Alterado:  C:\Users\samue\Documents\pastaAlvo\iubhhikj - Copia.txt - Copia.locked
2025-08-12 20:28:13.610 [COMUM] -> Alterado:  C:\Users\samue\Documents\pastaAlvo\iubhhikj - Copia.txt - Copia.locked
2025-08-12 20:28:13.613 [COMUM] -> Alterado:  C:\Users\samue\Documents\pastaAlvo
2025-08-12 20:28:20.619 [COMUM] -> Deletado:  C:\Users\samue\Documents\pastaAlvo\iubhhikj.txt - Copia.locked
2025-08-12 20:28:20.638 [COMUM] -> Alterado:  C:\Users\samue\Documents\pastaAlvo
2025-08-12 20:28:20.639 [COMUM] -> Deletado:  C:\Users\samue\Documents\pastaAlvo\iubhhikj - Copia (2).txt - Copia.locked
2025-08-12 20:28:20.704 [COMUM] -> Alterado:  C:\Users\samue\Documents\pastaAlvo
2025-08-12 20:28:20.743 [COMUM] -> Deletado:  C:\Users\samue\Documents\pastaAlvo\iubhhikj - Copia (3).txt - Copia.locked
2025-08-12 20:28:20.744 [COMUM] -> Alterado:  C:\Users\samue\Documents\pastaAlvo
2025-08-12 20:28:20.745 [COMUM] -> Deletado:  C:\Users\samue\Documents\pastaAlvo\iubhhikj - Copia (4).txt - Copia.locked
2025-08-12 20:28:20.746 [COMUM] -> Alterado:  C:\Users\samue\Documents\pastaAlvo
2025-08-12 20:28:20.747 [COMUM] -> Deletado:  C:\Users\samue\Documents\pastaAlvo\iubhhikj - Copia (5).txt - Copia.locked
2025-08-12 20:28:20.748 [COMUM] -> Alterado:  C:\Users\samue\Documents\pastaAlvo
2025-08-12 20:28:20.749 [COMUM] -> Deletado:  C:\Users\samue\Documents\pastaAlvo\iubhhikj - Copia (6).txt - Copia.locked
2025-08-12 20:28:20.749 [COMUM] -> Alterado:  C:\Users\samue\Documents\pastaAlvo
2025-08-12 20:28:20.750 [COMUM] -> Deletado:  C:\Users\samue\Documents\pastaAlvo\iubhhikj - Copia (7).txt - Copia.locked
2025-08-12 20:28:20.751 [COMUM] -> Alterado:  C:\Users\samue\Documents\pastaAlvo
2025-08-12 20:28:20.752 [COMUM] -> Deletado:  C:\Users\samue\Documents\pastaAlvo\iubhhikj - Copia (8).txt - Copia.locked
2025-08-12 20:28:20.753 [COMUM] -> Alterado:  C:\Users\samue\Documents\pastaAlvo
2025-08-12 20:28:20.760 [COMUM] -> Deletado:  C:\Users\samue\Documents\pastaAlvo\iubhhikj - Copia (9).txt - Copia.locked
2025-08-12 20:28:20.762 [COMUM] -> Alterado:  C:\Users\samue\Documents\pastaAlvo
2025-08-12 20:28:20.763 [COMUM] -> Deletado:  C:\Users\samue\Documents\pastaAlvo\iubhhikj - Copia (10).txt - Copia.locked
2025-08-12 20:28:20.763 [COMUM] -> Alterado:  C:\Users\samue\Documents\pastaAlvo
2025-08-12 20:28:20.764 [COMUM] -> Deletado:  C:\Users\samue\Documents\pastaAlvo\iubhhikj - Copia (11).txt - Copia.locked
2025-08-12 20:28:20.764 [COMUM] -> Alterado:  C:\Users\samue\Documents\pastaAlvo
2025-08-12 20:28:20.765 [COMUM] -> Deletado:  C:\Users\samue\Documents\pastaAlvo\iubhhikj - Copia.txt - Copia.locked
2025-08-12 20:28:20.905 [COMUM] -> Alterado:  C:\Users\samue\Documents\pastaAlvo
