2025-08-10 16:10:25.676 [COMUM] -> Criado: C:\Users\samue\Documents\Nova pasta (2)\Novo(a) Documento de Texto.txt
2025-08-10 16:10:25.682 [COMUM] -> Alterado: C:\Users\samue\Documents\Nova pasta (2)
2025-08-10 16:10:27.084 [COMUM] -> Renomeado: C:\Users\samue\Documents\Nova pasta (2)\Novo(a) Documento de Texto.txt -> C:\Users\samue\Documents\Nova pasta (2)\fghgv.txt
2025-08-10 16:10:27.086 [COMUM] -> Alterado: C:\Users\samue\Documents\Nova pasta (2)
2025-08-10 16:10:31.369 [COMUM] -> Alterado: C:\Users\samue\Documents\Nova pasta (2)\fghgv.txt
2025-08-10 16:10:37.886 [COMUM] -> Criado: C:\Users\samue\Documents\Nova pasta (2)\fghgv - Copia.txt
2025-08-10 16:10:37.888 [COMUM] -> Alterado: C:\Users\samue\Documents\Nova pasta (2)\fghgv - Copia.txt
2025-08-10 16:10:37.888 [COMUM] -> Alterado: C:\Users\samue\Documents\Nova pasta (2)\fghgv - Copia.txt
2025-08-10 16:10:37.888 [COMUM] -> Alterado: C:\Users\samue\Documents\Nova pasta (2)
2025-08-10 16:10:40.282 [COMUM] -> Deletado: C:\Users\samue\Documents\Nova pasta (2)\fghgv.txt
2025-08-10 16:10:40.288 [COMUM] -> Alterado: C:\Users\samue\Documents\Nova pasta (2)
2025-08-10 17:44:58.052 [COMUM] -> Criado:    C:\Users\samue\Documents\Nova pasta (2)\fghgv - Copia - Copia.txt
2025-08-10 17:44:58.166 [COMUM] -> Alterado:  C:\Users\samue\Documents\Nova pasta (2)\fghgv - Copia - Copia.txt
2025-08-10 17:44:58.171 [COMUM] -> Alterado:  C:\Users\samue\Documents\Nova pasta (2)\fghgv - Copia - Copia.txt
2025-08-10 17:44:58.172 [COMUM] -> Alterado:  C:\Users\samue\Documents\Nova pasta (2)
2025-08-10 17:46:38.384 [COMUM] -> Alterado:  C:\Users\samue\Documents\Nova pasta (2)\fghgv - Copia.txt
2025-08-10 17:46:39.327 [COMUM] -> Alterado:  C:\Users\samue\Documents\Nova pasta (2)\fghgv - Copia.txt
2025-08-10 17:46:40.024 [COMUM] -> Alterado:  C:\Users\samue\Documents\Nova pasta (2)\fghgv - Copia.txt
2025-08-10 17:46:46.575 [COMUM] -> Criado:    C:\Users\samue\Documents\Nova pasta (2)\fghgv - Copia - Copia (2).txt
2025-08-10 17:46:46.576 [COMUM] -> Alterado:  C:\Users\samue\Documents\Nova pasta (2)\fghgv - Copia - Copia (2).txt
2025-08-10 17:46:46.582 [COMUM] -> Alterado:  C:\Users\samue\Documents\Nova pasta (2)\fghgv - Copia - Copia (2).txt
2025-08-10 17:46:46.631 [COMUM] -> Alterado:  C:\Users\samue\Documents\Nova pasta (2)
2025-08-10 18:52:10.184 [COMUM] -> Criado:    C:\Users\samue\Documents\Nova pasta (2)\fghgv - Copia - Copia (3).txt
2025-08-10 18:52:10.211 [COMUM] -> Alterado:  C:\Users\samue\Documents\Nova pasta (2)\fghgv - Copia - Copia (3).txt
2025-08-10 18:52:10.250 [COMUM] -> Alterado:  C:\Users\samue\Documents\Nova pasta (2)\fghgv - Copia - Copia (3).txt
2025-08-10 18:52:10.274 [COMUM] -> Alterado:  C:\Users\samue\Documents\Nova pasta (2)
2025-08-10 19:09:08.149 [COMUM] -> Deletado:  C:\Users\samue\Documents\Nova pasta (2)\fghgv - Copia - Copia (2).txt
2025-08-10 19:09:08.174 [COMUM] -> Alterado:  C:\Users\samue\Documents\Nova pasta (2)
2025-08-10 19:09:08.176 [COMUM] -> Deletado:  C:\Users\samue\Documents\Nova pasta (2)\fghgv - Copia - Copia (3).txt
2025-08-10 19:09:08.183 [COMUM] -> Alterado:  C:\Users\samue\Documents\Nova pasta (2)
2025-08-10 19:09:08.890 [COMUM] -> Deletado:  C:\Users\samue\Documents\Nova pasta (2)\fghgv - Copia - Copia.txt
2025-08-10 19:09:08.897 [COMUM] -> Alterado:  C:\Users\samue\Documents\Nova pasta (2)
